   Resolving package versions...
     Project No packages added to or removed from `C:\Users\lolil\.julia\environments\v1.12\Project.toml`
    Manifest No packages added to or removed from `C:\Users\lolil\.julia\environments\v1.12\Manifest.toml`
-- model v8 iniciando --
  CSV_PATH = C:\Users\lolil\Downloads\Poli - USP\IC\Projeto - IC - Rodoviário\Model SDDP - 19-05-26\..\03-03-2026 - model_v1\Processamento Santos\processados_2025.csv
  CSVS_DIR = C:\Users\lolil\Downloads\Poli - USP\IC\Projeto - IC - Rodoviário\Model SDDP - 19-05-26\outputs\csvs
  C_OCIOSO_TOTAL = R$ 43753.0
  N_SIM = 1000 | MESES = ["mar", "jul"]


##############################################################################################################
# ANALISANDO MES: MAR (N_SIM=1000)
##############################################################################################################
[MAR] data: n=30 media=2480.2 sd=251.28
[MAR] dist escolhida: LogNormal | AIC=417.54 | KS_p=0.5522
[MAR] ranking AIC/KS_p: LogNormal:AIC=417.5,KS=0.552 | Gamma:AIC=418.2,KS=0.504 | Normal:AIC=419.7,KS=0.391 | Weibull:AIC=427.0,KS=0.179
[MAR] discretizado em 100 cenarios

[MAR] treinando SDDP...
-------------------------------------------------------------------
         SDDP.jl (c) Oscar Dowson and contributors, 2017-25
-------------------------------------------------------------------
problem
  nodes           : 30
  state variables : 2
  scenarios       : 1.00000e+60
  existing cuts   : false
options
  solver          : serial mode
  risk measure    : SDDP.Expectation()
  sampling scheme : SDDP.InSampleMonteCarlo
subproblem structure
  VariableRef                             : [9, 9]
  AffExpr in MOI.EqualTo{Float64}         : [1, 1]
  AffExpr in MOI.GreaterThan{Float64}     : [2, 2]
  AffExpr in MOI.LessThan{Float64}        : [2, 2]
  VariableRef in MOI.EqualTo{Float64}     : [1, 1]
  VariableRef in MOI.GreaterThan{Float64} : [6, 6]
  VariableRef in MOI.LessThan{Float64}    : [1, 2]
numerical stability report
  matrix range     [1e+00, 1e+00]
  objective range  [1e+00, 4e+04]
  bounds range     [4e+03, 4e+03]
  rhs range        [1e+03, 1e+03]
-------------------------------------------------------------------
 iteration    simulation      bound        time (s)     solves  pid
-------------------------------------------------------------------
        50   5.831504e+07  5.215286e+07  1.178600e+01    151500   1
       100   4.544968e+07  5.215906e+07  1.943400e+01    303000   1
       150   5.717384e+07  5.215906e+07  2.752600e+01    454500   1
       200   5.489548e+07  5.215906e+07  3.515100e+01    606000   1
-------------------------------------------------------------------
status         : iteration_limit
total time (s) : 3.515100e+01
total solves   : 606000
best bound     :  5.215906e+07
simulation ci  :  8.010717e+07 ± 3.362794e+07
numeric issues : 0
-------------------------------------------------------------------

[MAR] bound SDDP=52159063.8

[MAR] simulando SDDP x 1000 replicas...
[MAR] base = mean(adm_out(SDDP), dias 2..30) = 2392.1 caminhoes/dia
[MAR] w_proc medio SDDP por dia: min=2470 mean=2480 max=2497
  P_-10  X=2152.9 (base * -10%)
  P_-5   X=2272.5 (base * -5%)
  P_0    X=2392.1 (base * +0%)
  P_+5   X=2511.7 (base * +5%)
  P_+10  X=2631.3 (base * +10%)

[MAR] simulando 5 politicas fixas (deterministico, w_proc=media SDDP)...
  CSV SDDP cenario medio salvo: v8_mar_sddp_cenario_medio.csv

========================================================================================================================
  TABELA A — SUMARIO COMPARATIVO (MAR, N=1000 sims) 
========================================================================================================================
  Pol    |       CustoMed |      IC95± |             P5 |            P50 |            P95 | Spill%>0 |  SpillCond |   FilaPico |  ServLvl
  ------------------------------------------------------------------------------------------------------------------------
  SDDP   |     51893307.6 |   456462.1 |     40024010.2 |     51586497.5 |     64448907.2 |   98.70% |      531.0 |     1723.5 |  100.00%
  P_-10  |    368138895.6 |        0.0 |    368138895.6 |    368138895.6 |    368138895.6 |  100.00% |      703.1 |     1723.5 |  100.00%
  P_-5   |    226665742.2 |        0.0 |    226665742.2 |    226665742.2 |    226665742.2 |  100.00% |      905.4 |     1723.5 |  100.00%
  P_0    |    114125522.8 |        0.0 |    114125522.8 |    114125522.8 |    114125522.8 |  100.00% |     1704.1 |     1723.5 |  100.00%
  P_+5   |    646658305.7 |        0.0 |    646658305.7 |    646658305.7 |    646658305.7 |  100.00% |    28851.8 |     2629.3 |   98.76%
  P_+10  |   1630401749.1 |        0.0 |   1630401749.1 |   1630401749.1 |   1630401749.1 |  100.00% |    80879.6 |     6097.8 |   94.27%

========================================================================================================================
  TABELA B — ANEXO cenario medio deterministico (MAR, 1 trajetoria, 30 dias)
           SDDP via SDDP.Historical, fixas com adm_out fixo. Comparacao 100% justa.
           Σ Custo bate EXATO com o grafico de custo acumulado dia 30.
========================================================================================================================

  [SDDP]  Σ Custo = R$ 45.01M
  Dia |  FilaIni |    AdmIn |   w_proc |     Proc |  FilaFim |    Spill |   Ocioso |   AdmOut |  Custo(R$)
  --------------------------------------------------------------------------------------------------------------
    1 |   1200.0 |   3000.0 |   2476.5 |   2476.5 |   1723.5 |    523.5 |      0.0 |   1133.5 |   12565058
    2 |   1723.5 |   1133.5 |   2496.8 |   2496.8 |    360.2 |      0.0 |     -0.0 |   2496.8 |    2906756
    3 |    360.2 |   2496.8 |   2488.9 |   2488.9 |    368.1 |      0.0 |      0.0 |   2488.9 |    1015891
    4 |    368.1 |   2488.9 |   2481.7 |   2481.7 |    375.3 |      0.0 |     -0.0 |   2481.7 |    1037011
    5 |    375.3 |   2481.7 |   2476.6 |   2476.6 |    380.4 |      0.0 |     -0.0 |   2476.6 |    1054208
    6 |    380.4 |   2476.6 |   2480.1 |   2480.1 |    376.9 |      0.0 |      0.0 |   2480.1 |    1056357
    7 |    376.9 |   2480.1 |   2478.4 |   2478.4 |    378.6 |      0.0 |     -0.0 |   2478.4 |    1053872
    8 |    378.6 |   2478.4 |   2492.4 |   2492.4 |    364.6 |      0.0 |     -0.0 |   2492.4 |    1036771
    9 |    364.6 |   2492.4 |   2483.3 |   2483.3 |    373.7 |      0.0 |      0.0 |   2483.3 |    1029954
   10 |    373.7 |   2483.3 |   2480.9 |   2480.9 |    376.1 |      0.0 |     -0.0 |   2480.9 |    1045964
   11 |    376.1 |   2480.9 |   2489.0 |   2489.0 |    368.0 |      0.0 |      0.0 |   2489.0 |    1037923
   12 |    368.0 |   2489.0 |   2473.2 |   2473.2 |    383.8 |      0.0 |     -0.0 |   2473.2 |    1048652
   13 |    383.8 |   2473.2 |   2478.2 |   2478.2 |    378.8 |      0.0 |     -0.0 |   2478.2 |    1063827
   14 |    378.8 |   2478.2 |   2474.9 |   2474.9 |    382.1 |      0.0 |     -0.0 |   2474.9 |    1061545
   15 |    382.1 |   2474.9 |   2472.8 |   2472.8 |    384.2 |      0.0 |      0.0 |   2472.8 |    1069046
   16 |    384.2 |   2472.8 |   2474.3 |   2474.3 |    382.7 |      0.0 |      0.0 |   2474.3 |    1069832
   17 |    382.7 |   2474.3 |   2473.6 |   2473.6 |    383.4 |      0.0 |     -0.0 |   2473.6 |    1068730
   18 |    383.4 |   2473.6 |   2481.3 |   2481.3 |    375.7 |      0.0 |      0.0 |   2481.3 |    1058954
   19 |    375.7 |   2481.3 |   2480.7 |   2480.7 |    376.3 |      0.0 |     -0.0 |   2480.7 |    1049078
   20 |    376.3 |   2480.7 |   2472.0 |   2472.0 |    385.0 |      0.0 |     -0.0 |   2472.0 |    1062104
   21 |    385.0 |   2472.0 |   2478.5 |   2478.5 |    378.5 |      0.0 |     -0.0 |   2478.5 |    1065084
   22 |    378.5 |   2478.5 |   2476.4 |   2476.4 |    380.6 |      0.0 |     -0.0 |   2476.4 |    1058925
   23 |    380.6 |   2476.4 |   2494.2 |   2494.2 |    362.8 |      0.0 |      0.0 |   2494.2 |    1037040
   24 |    362.8 |   2494.2 |   2483.8 |   2483.8 |    373.2 |      0.0 |     -0.0 |   2483.8 |    1026716
   25 |    373.2 |   2483.8 |   2469.9 |   2469.9 |    387.1 |      0.0 |      0.0 |   2469.9 |    1060692
   26 |    387.1 |   2469.9 |   2482.0 |   2482.0 |    375.0 |      0.0 |     -0.0 |   2482.0 |    1063160
   27 |    375.0 |   2482.0 |   2475.6 |   2475.6 |    381.4 |      0.0 |      0.0 |   2475.6 |    1055193
   28 |    381.4 |   2475.6 |   2477.9 |   2477.9 |    379.1 |      0.0 |      0.0 |   2477.9 |    1060889
   29 |    379.1 |   2477.9 |   2479.9 |   2479.9 |    377.1 |      0.0 |      0.0 |   2547.9 |    1054799
   30 |    377.1 |   2547.9 |   2485.9 |   2485.9 |    439.1 |      0.0 |      0.0 |      0.0 |    1138556
  --------------------------------------------------------------------------------------------------------------
    Σ |        — |        — |        — |    74410 |        — |    523.5 |      0.0 |        — |   45012588   (= R$ 45.01M)

  [P_-10]  Σ Custo = R$ 368.14M
  Dia |  FilaIni |    AdmIn |   w_proc |     Proc |  FilaFim |    Spill |   Ocioso |   AdmOut |  Custo(R$)
  --------------------------------------------------------------------------------------------------------------
    1 |   1200.0 |   3000.0 |   2476.5 |   2476.5 |   1723.5 |    523.5 |      0.0 |   2152.9 |   12565058
    2 |   1723.5 |   2152.9 |   2496.8 |   2496.8 |   1379.6 |    179.6 |      0.0 |   2152.9 |    7239895
    3 |   1379.6 |   2152.9 |   2488.9 |   2488.9 |   1043.5 |      0.0 |      0.0 |   2152.9 |    3380205
    4 |   1043.5 |   2152.9 |   2481.7 |   2481.7 |    714.7 |      0.0 |      0.0 |   2152.9 |    2452717
    5 |    714.7 |   2152.9 |   2476.6 |   2476.6 |    391.0 |      0.0 |      0.0 |   2152.9 |    1542426
    6 |    391.0 |   2152.9 |   2480.1 |   2480.1 |     63.7 |      0.0 |      0.0 |   2152.9 |     634284
    7 |     63.7 |   2152.9 |   2478.4 |   2216.6 |      0.0 |      0.0 |    261.8 |   2152.9 |   11543650
    8 |      0.0 |   2152.9 |   2492.4 |   2152.9 |      0.0 |      0.0 |    339.5 |   2152.9 |   14855131
    9 |      0.0 |   2152.9 |   2483.3 |   2152.9 |      0.0 |      0.0 |    330.4 |   2152.9 |   14456104
   10 |      0.0 |   2152.9 |   2480.9 |   2152.9 |      0.0 |      0.0 |    328.0 |   2152.9 |   14352978
   11 |      0.0 |   2152.9 |   2489.0 |   2152.9 |      0.0 |      0.0 |    336.2 |   2152.9 |   14708296
   12 |      0.0 |   2152.9 |   2473.2 |   2152.9 |      0.0 |      0.0 |    320.4 |   2152.9 |   14016474
   13 |      0.0 |   2152.9 |   2478.2 |   2152.9 |      0.0 |      0.0 |    325.3 |   2152.9 |   14232351
   14 |      0.0 |   2152.9 |   2474.9 |   2152.9 |      0.0 |      0.0 |    322.0 |   2152.9 |   14088054
   15 |      0.0 |   2152.9 |   2472.8 |   2152.9 |      0.0 |      0.0 |    319.9 |   2152.9 |   13997091
   16 |      0.0 |   2152.9 |   2474.3 |   2152.9 |      0.0 |      0.0 |    321.4 |   2152.9 |   14063377
   17 |      0.0 |   2152.9 |   2473.6 |   2152.9 |      0.0 |      0.0 |    320.7 |   2152.9 |   14031656
   18 |      0.0 |   2152.9 |   2481.3 |   2152.9 |      0.0 |      0.0 |    328.4 |   2152.9 |   14369998
   19 |      0.0 |   2152.9 |   2480.7 |   2152.9 |      0.0 |      0.0 |    327.8 |   2152.9 |   14341427
   20 |      0.0 |   2152.9 |   2472.0 |   2152.9 |      0.0 |      0.0 |    319.1 |   2152.9 |   13961432
   21 |      0.0 |   2152.9 |   2478.5 |   2152.9 |      0.0 |      0.0 |    325.6 |   2152.9 |   14247971
   22 |      0.0 |   2152.9 |   2476.4 |   2152.9 |      0.0 |      0.0 |    323.5 |   2152.9 |   14154602
   23 |      0.0 |   2152.9 |   2494.2 |   2152.9 |      0.0 |      0.0 |    341.3 |   2152.9 |   14934368
   24 |      0.0 |   2152.9 |   2483.8 |   2152.9 |      0.0 |      0.0 |    330.9 |   2152.9 |   14478418
   25 |      0.0 |   2152.9 |   2469.9 |   2152.9 |      0.0 |      0.0 |    317.0 |   2152.9 |   13868720
   26 |      0.0 |   2152.9 |   2482.0 |   2152.9 |      0.0 |      0.0 |    329.1 |   2152.9 |   14401019
   27 |      0.0 |   2152.9 |   2475.6 |   2152.9 |      0.0 |      0.0 |    322.7 |   2152.9 |   14118593
   28 |      0.0 |   2152.9 |   2477.9 |   2152.9 |      0.0 |      0.0 |    325.1 |   2152.9 |   14222375
   29 |      0.0 |   2152.9 |   2479.9 |   2152.9 |      0.0 |      0.0 |    327.1 |   2152.9 |   14309619
   30 |      0.0 |   2152.9 |   2485.9 |   2152.9 |      0.0 |      0.0 |    333.0 |   2152.9 |   14570606
  --------------------------------------------------------------------------------------------------------------
    Σ |        — |        — |        — |    66633 |        — |    703.1 |   7776.3 |        — |  368138896   (= R$ 368.14M)

  [P_-5]  Σ Custo = R$ 226.67M
  Dia |  FilaIni |    AdmIn |   w_proc |     Proc |  FilaFim |    Spill |   Ocioso |   AdmOut |  Custo(R$)
  --------------------------------------------------------------------------------------------------------------
    1 |   1200.0 |   3000.0 |   2476.5 |   2476.5 |   1723.5 |    523.5 |      0.0 |   2272.5 |   12565058
    2 |   1723.5 |   2272.5 |   2496.8 |   2496.8 |   1499.2 |    299.2 |      0.0 |   2272.5 |    9345649
    3 |   1499.2 |   2272.5 |   2488.9 |   2488.9 |   1282.7 |     82.7 |      0.0 |   2272.5 |    5221733
    4 |   1282.7 |   2272.5 |   2481.7 |   2481.7 |   1073.5 |      0.0 |      0.0 |   2272.5 |    3286957
    5 |   1073.5 |   2272.5 |   2476.6 |   2476.6 |    869.4 |      0.0 |      0.0 |   2272.5 |    2710363
    6 |    869.4 |   2272.5 |   2480.1 |   2480.1 |    661.7 |      0.0 |      0.0 |   2272.5 |    2135917
    7 |    661.7 |   2272.5 |   2478.4 |   2478.4 |    455.8 |      0.0 |      0.0 |   2272.5 |    1558986
    8 |    455.8 |   2272.5 |   2492.4 |   2492.4 |    235.9 |      0.0 |      0.0 |   2272.5 |     964954
    9 |    235.9 |   2272.5 |   2483.3 |   2483.3 |     25.1 |      0.0 |      0.0 |   2272.5 |     364104
   10 |     25.1 |   2272.5 |   2480.9 |   2297.6 |      0.0 |      0.0 |    183.3 |   2272.5 |    8056563
   11 |      0.0 |   2272.5 |   2489.0 |   2272.5 |      0.0 |      0.0 |    216.6 |   2272.5 |    9475247
   12 |      0.0 |   2272.5 |   2473.2 |   2272.5 |      0.0 |      0.0 |    200.8 |   2272.5 |    8783424
   13 |      0.0 |   2272.5 |   2478.2 |   2272.5 |      0.0 |      0.0 |    205.7 |   2272.5 |    8999302
   14 |      0.0 |   2272.5 |   2474.9 |   2272.5 |      0.0 |      0.0 |    202.4 |   2272.5 |    8855004
   15 |      0.0 |   2272.5 |   2472.8 |   2272.5 |      0.0 |      0.0 |    200.3 |   2272.5 |    8764042
   16 |      0.0 |   2272.5 |   2474.3 |   2272.5 |      0.0 |      0.0 |    201.8 |   2272.5 |    8830328
   17 |      0.0 |   2272.5 |   2473.6 |   2272.5 |      0.0 |      0.0 |    201.1 |   2272.5 |    8798607
   18 |      0.0 |   2272.5 |   2481.3 |   2272.5 |      0.0 |      0.0 |    208.8 |   2272.5 |    9136949
   19 |      0.0 |   2272.5 |   2480.7 |   2272.5 |      0.0 |      0.0 |    208.2 |   2272.5 |    9108378
   20 |      0.0 |   2272.5 |   2472.0 |   2272.5 |      0.0 |      0.0 |    199.5 |   2272.5 |    8728383
   21 |      0.0 |   2272.5 |   2478.5 |   2272.5 |      0.0 |      0.0 |    206.0 |   2272.5 |    9014921
   22 |      0.0 |   2272.5 |   2476.4 |   2272.5 |      0.0 |      0.0 |    203.9 |   2272.5 |    8921553
   23 |      0.0 |   2272.5 |   2494.2 |   2272.5 |      0.0 |      0.0 |    221.7 |   2272.5 |    9701319
   24 |      0.0 |   2272.5 |   2483.8 |   2272.5 |      0.0 |      0.0 |    211.3 |   2272.5 |    9245369
   25 |      0.0 |   2272.5 |   2469.9 |   2272.5 |      0.0 |      0.0 |    197.4 |   2272.5 |    8635670
   26 |      0.0 |   2272.5 |   2482.0 |   2272.5 |      0.0 |      0.0 |    209.5 |   2272.5 |    9167969
   27 |      0.0 |   2272.5 |   2475.6 |   2272.5 |      0.0 |      0.0 |    203.1 |   2272.5 |    8885544
   28 |      0.0 |   2272.5 |   2477.9 |   2272.5 |      0.0 |      0.0 |    205.5 |   2272.5 |    8989326
   29 |      0.0 |   2272.5 |   2479.9 |   2272.5 |      0.0 |      0.0 |    207.5 |   2272.5 |    9076569
   30 |      0.0 |   2272.5 |   2485.9 |   2272.5 |      0.0 |      0.0 |    213.4 |   2272.5 |    9337556
  --------------------------------------------------------------------------------------------------------------
    Σ |        — |        — |        — |    70102 |        — |    905.4 |   4307.8 |        — |  226665742   (= R$ 226.67M)

  [P_0]  Σ Custo = R$ 114.13M
  Dia |  FilaIni |    AdmIn |   w_proc |     Proc |  FilaFim |    Spill |   Ocioso |   AdmOut |  Custo(R$)
  --------------------------------------------------------------------------------------------------------------
    1 |   1200.0 |   3000.0 |   2476.5 |   2476.5 |   1723.5 |    523.5 |      0.0 |   2392.1 |   12565058
    2 |   1723.5 |   2392.1 |   2496.8 |   2496.8 |   1618.8 |    418.8 |      0.0 |   2392.1 |   11451404
    3 |   1618.8 |   2392.1 |   2488.9 |   2488.9 |   1521.9 |    321.9 |      0.0 |   2392.1 |    9600089
    4 |   1521.9 |   2392.1 |   2481.7 |   2481.7 |   1432.3 |    232.3 |      0.0 |   2392.1 |    7887571
    5 |   1432.3 |   2392.1 |   2476.6 |   2476.6 |   1347.8 |    147.8 |      0.0 |   2392.1 |    6274424
    6 |   1347.8 |   2392.1 |   2480.1 |   2480.1 |   1259.8 |     59.8 |      0.0 |   2392.1 |    4606216
    7 |   1259.8 |   2392.1 |   2478.4 |   2478.4 |   1173.4 |      0.0 |      0.0 |   2392.1 |    3394315
    8 |   1173.4 |   2392.1 |   2492.4 |   2492.4 |   1073.1 |      0.0 |      0.0 |   2392.1 |    3133979
    9 |   1073.1 |   2392.1 |   2483.3 |   2483.3 |    981.9 |      0.0 |      0.0 |   2392.1 |    2866826
   10 |    981.9 |   2392.1 |   2480.9 |   2480.9 |    893.1 |      0.0 |      0.0 |   2392.1 |    2615683
   11 |    893.1 |   2392.1 |   2489.0 |   2489.0 |    796.1 |      0.0 |      0.0 |   2392.1 |    2356499
   12 |    796.1 |   2392.1 |   2473.2 |   2473.2 |    715.0 |      0.0 |      0.0 |   2392.1 |    2108044
   13 |    715.0 |   2392.1 |   2478.2 |   2478.2 |    628.9 |      0.0 |      0.0 |   2392.1 |    1874764
   14 |    628.9 |   2392.1 |   2474.9 |   2474.9 |    546.1 |      0.0 |      0.0 |   2392.1 |    1639202
   15 |    546.1 |   2392.1 |   2472.8 |   2472.8 |    465.4 |      0.0 |      0.0 |   2392.1 |    1411141
   16 |    465.4 |   2392.1 |   2474.3 |   2474.3 |    383.2 |      0.0 |      0.0 |   2392.1 |    1183867
   17 |    383.2 |   2392.1 |   2473.6 |   2473.6 |    301.7 |      0.0 |      0.0 |   2392.1 |     955490
   18 |    301.7 |   2392.1 |   2481.3 |   2481.3 |    212.5 |      0.0 |      0.0 |   2392.1 |     717338
   19 |    212.5 |   2392.1 |   2480.7 |   2480.7 |    123.9 |      0.0 |      0.0 |   2392.1 |     469308
   20 |    123.9 |   2392.1 |   2472.0 |   2472.0 |     44.0 |      0.0 |      0.0 |   2392.1 |     234306
   21 |     44.0 |   2392.1 |   2478.5 |   2436.1 |      0.0 |      0.0 |     42.4 |   2392.1 |    1916569
   22 |      0.0 |   2392.1 |   2476.4 |   2392.1 |      0.0 |      0.0 |     84.3 |   2392.1 |    3688503
   23 |      0.0 |   2392.1 |   2494.2 |   2392.1 |      0.0 |      0.0 |    102.1 |   2392.1 |    4468269
   24 |      0.0 |   2392.1 |   2483.8 |   2392.1 |      0.0 |      0.0 |     91.7 |   2392.1 |    4012319
   25 |      0.0 |   2392.1 |   2469.9 |   2392.1 |      0.0 |      0.0 |     77.8 |   2392.1 |    3402621
   26 |      0.0 |   2392.1 |   2482.0 |   2392.1 |      0.0 |      0.0 |     89.9 |   2392.1 |    3934920
   27 |      0.0 |   2392.1 |   2475.6 |   2392.1 |      0.0 |      0.0 |     83.5 |   2392.1 |    3652494
   28 |      0.0 |   2392.1 |   2477.9 |   2392.1 |      0.0 |      0.0 |     85.9 |   2392.1 |    3756277
   29 |      0.0 |   2392.1 |   2479.9 |   2392.1 |      0.0 |      0.0 |     87.8 |   2392.1 |    3843520
   30 |      0.0 |   2392.1 |   2485.9 |   2392.1 |      0.0 |      0.0 |     93.8 |   2392.1 |    4104507
  --------------------------------------------------------------------------------------------------------------
    Σ |        — |        — |        — |    73571 |        — |   1704.1 |    839.2 |        — |  114125523   (= R$ 114.13M)

  [P_+5]  Σ Custo = R$ 646.66M
  Dia |  FilaIni |    AdmIn |   w_proc |     Proc |  FilaFim |    Spill |   Ocioso |   AdmOut |  Custo(R$)
  --------------------------------------------------------------------------------------------------------------
    1 |   1200.0 |   3000.0 |   2476.5 |   2476.5 |   1723.5 |    523.5 |      0.0 |   2511.7 |   12565058
    2 |   1723.5 |   2511.7 |   2496.8 |   2496.8 |   1738.4 |    538.4 |      0.0 |   2511.7 |   13557158
    3 |   1738.4 |   2511.7 |   2488.9 |   2488.9 |   1761.1 |    561.1 |      0.0 |   2511.7 |   13978446
    4 |   1761.1 |   2511.7 |   2481.7 |   2481.7 |   1791.1 |    591.1 |      0.0 |   2511.7 |   14538530
    5 |   1791.1 |   2511.7 |   2476.6 |   2476.6 |   1826.2 |    626.2 |      0.0 |   2511.7 |   15197985
    6 |   1826.2 |   2511.7 |   2480.1 |   2480.1 |   1857.8 |    657.8 |      0.0 |   2511.7 |   15802380
    7 |   1857.8 |   2511.7 |   2478.4 |   2478.4 |   1891.1 |    691.1 |      0.0 |   2511.7 |   16432627
    8 |   1891.1 |   2511.7 |   2492.4 |   2492.4 |   1910.4 |    710.4 |      0.0 |   2511.7 |   16818706
    9 |   1910.4 |   2511.7 |   2483.3 |   2483.3 |   1938.8 |    738.8 |      0.0 |   2511.7 |   17345811
   10 |   1938.8 |   2511.7 |   2480.9 |   2480.9 |   1969.5 |    769.5 |      0.0 |   2511.7 |   17927137
   11 |   1969.5 |   2511.7 |   2489.0 |   2489.0 |   1992.2 |    792.2 |      0.0 |   2511.7 |   18368771
   12 |   1992.2 |   2511.7 |   2473.2 |   2473.2 |   2030.6 |    830.6 |      0.0 |   2511.7 |   19077463
   13 |   2030.6 |   2511.7 |   2478.2 |   2478.2 |   2064.2 |    864.2 |      0.0 |   2511.7 |   19721345
   14 |   2064.2 |   2511.7 |   2474.9 |   2474.9 |   2101.0 |    901.0 |      0.0 |   2511.7 |   20416409
   15 |   2101.0 |   2511.7 |   2472.8 |   2472.8 |   2139.9 |    939.9 |      0.0 |   2511.7 |   21152676
   16 |   2139.9 |   2511.7 |   2474.3 |   2474.3 |   2177.3 |    977.3 |      0.0 |   2511.7 |   21865170
   17 |   2177.3 |   2511.7 |   2473.6 |   2473.6 |   2215.4 |   1015.4 |      0.0 |   2511.7 |   22588315
   18 |   2215.4 |   2511.7 |   2481.3 |   2481.3 |   2245.8 |   1045.8 |      0.0 |   2511.7 |   23176325
   19 |   2245.8 |   2511.7 |   2480.7 |   2480.7 |   2276.8 |   1076.8 |      0.0 |   2511.7 |   23765043
   20 |   2276.8 |   2511.7 |   2472.0 |   2472.0 |   2316.5 |   1116.5 |      0.0 |   2511.7 |   24507581
   21 |   2316.5 |   2511.7 |   2478.5 |   2478.5 |   2349.7 |   1149.7 |      0.0 |   2511.7 |   25146932
   22 |   2349.7 |   2511.7 |   2476.4 |   2476.4 |   2385.0 |   1185.0 |      0.0 |   2511.7 |   25814719
   23 |   2385.0 |   2511.7 |   2494.2 |   2494.2 |   2402.5 |   1202.5 |      0.0 |   2511.7 |   26171708
   24 |   2402.5 |   2511.7 |   2483.8 |   2483.8 |   2430.4 |   1230.4 |      0.0 |   2511.7 |   26687308
   25 |   2430.4 |   2511.7 |   2469.9 |   2469.9 |   2472.2 |   1272.2 |      0.0 |   2511.7 |   27462785
   26 |   2472.2 |   2511.7 |   2482.0 |   2482.0 |   2501.9 |   1301.9 |      0.0 |   2511.7 |   28043507
   27 |   2501.9 |   2511.7 |   2475.6 |   2475.6 |   2538.0 |   1338.0 |      0.0 |   2511.7 |   28720904
   28 |   2538.0 |   2511.7 |   2477.9 |   2477.9 |   2571.8 |   1371.8 |      0.0 |   2511.7 |   29365544
   29 |   2571.8 |   2511.7 |   2479.9 |   2479.9 |   2603.5 |   1403.5 |      0.0 |   2511.7 |   29971769
   30 |   2603.5 |   2511.7 |   2485.9 |   2485.9 |   2629.3 |   1429.3 |      0.0 |   2511.7 |   30470192
  --------------------------------------------------------------------------------------------------------------
    Σ |        — |        — |        — |    74410 |        — |  28851.8 |      0.0 |        — |  646658306   (= R$ 646.66M)

  [P_+10]  Σ Custo = R$ 1630.4M
  Dia |  FilaIni |    AdmIn |   w_proc |     Proc |  FilaFim |    Spill |   Ocioso |   AdmOut |  Custo(R$)
  --------------------------------------------------------------------------------------------------------------
    1 |   1200.0 |   3000.0 |   2476.5 |   2476.5 |   1723.5 |    523.5 |      0.0 |   2631.3 |   12565058
    2 |   1723.5 |   2631.3 |   2496.8 |   2496.8 |   1858.0 |    658.0 |      0.0 |   2631.3 |   15662912
    3 |   1858.0 |   2631.3 |   2488.9 |   2488.9 |   2000.3 |    800.3 |      0.0 |   2631.3 |   18356803
    4 |   2000.3 |   2631.3 |   2481.7 |   2481.7 |   2150.0 |    950.0 |      0.0 |   2631.3 |   21189489
    5 |   2150.0 |   2631.3 |   2476.6 |   2476.6 |   2304.6 |   1104.6 |      0.0 |   2631.3 |   24121547
    6 |   2304.6 |   2631.3 |   2480.1 |   2480.1 |   2455.8 |   1255.8 |      0.0 |   2631.3 |   26998544
    7 |   2455.8 |   2631.3 |   2478.4 |   2478.4 |   2608.7 |   1408.7 |      0.0 |   2631.3 |   29901394
    8 |   2608.7 |   2631.3 |   2492.4 |   2492.4 |   2747.6 |   1547.6 |      0.0 |   2631.3 |   32560075
    9 |   2747.6 |   2631.3 |   2483.3 |   2483.3 |   2895.6 |   1695.6 |      0.0 |   2631.3 |   35359782
   10 |   2895.6 |   2631.3 |   2480.9 |   2480.9 |   3046.0 |   1846.0 |      0.0 |   2631.3 |   38213710
   11 |   3046.0 |   2631.3 |   2489.0 |   2489.0 |   3188.2 |   1988.2 |      0.0 |   2631.3 |   40927947
   12 |   3188.2 |   2631.3 |   2473.2 |   2473.2 |   3346.3 |   2146.3 |      0.0 |   2631.3 |   43909242
   13 |   3346.3 |   2631.3 |   2478.2 |   2478.2 |   3499.4 |   2299.4 |      0.0 |   2631.3 |   46825726
   14 |   3499.4 |   2631.3 |   2474.9 |   2474.9 |   3655.9 |   2455.9 |      0.0 |   2631.3 |   49793392
   15 |   3655.9 |   2631.3 |   2472.8 |   2472.8 |   3814.4 |   2614.4 |      0.0 |   2631.3 |   52802261
   16 |   3814.4 |   2631.3 |   2474.3 |   2474.3 |   3971.3 |   2771.3 |      0.0 |   2631.3 |   55787358
   17 |   3971.3 |   2631.3 |   2473.6 |   2473.6 |   4129.1 |   2929.1 |      0.0 |   2631.3 |   58783105
   18 |   4129.1 |   2631.3 |   2481.3 |   2481.3 |   4279.0 |   3079.0 |      0.0 |   2631.3 |   61643717
   19 |   4279.0 |   2631.3 |   2480.7 |   2480.7 |   4429.7 |   3229.7 |      0.0 |   2631.3 |   64505038
   20 |   4429.7 |   2631.3 |   2472.0 |   2472.0 |   4589.0 |   3389.0 |      0.0 |   2631.3 |   67520178
   21 |   4589.0 |   2631.3 |   2478.5 |   2478.5 |   4741.8 |   3541.8 |      0.0 |   2631.3 |   70432132
   22 |   4741.8 |   2631.3 |   2476.4 |   2476.4 |   4896.7 |   3696.7 |      0.0 |   2631.3 |   73372521
   23 |   4896.7 |   2631.3 |   2494.2 |   2494.2 |   5033.8 |   3833.8 |      0.0 |   2631.3 |   76002113
   24 |   5033.8 |   2631.3 |   2483.8 |   2483.8 |   5181.3 |   3981.3 |      0.0 |   2631.3 |   78790315
   25 |   5181.3 |   2631.3 |   2469.9 |   2469.9 |   5342.7 |   4142.7 |      0.0 |   2631.3 |   81838395
   26 |   5342.7 |   2631.3 |   2482.0 |   2482.0 |   5492.0 |   4292.0 |      0.0 |   2631.3 |   84691719
   27 |   5492.0 |   2631.3 |   2475.6 |   2475.6 |   5647.7 |   4447.7 |      0.0 |   2631.3 |   87641718
   28 |   5647.7 |   2631.3 |   2477.9 |   2477.9 |   5801.1 |   4601.1 |      0.0 |   2631.3 |   90558960
   29 |   5801.1 |   2631.3 |   2479.9 |   2479.9 |   5952.4 |   4752.4 |      0.0 |   2631.3 |   93437787
   30 |   5952.4 |   2631.3 |   2485.9 |   2485.9 |   6097.8 |   4897.8 |      0.0 |   2631.3 |   96208813
  --------------------------------------------------------------------------------------------------------------
    Σ |        — |        — |        — |    74410 |        — |  80879.6 |      0.0 |        — | 1630401749   (= R$ 1630.40M)

========================================================================================================================
  TABELA C — REPLICA REPRESENTATIVA ESTOCASTICA (MAR, SDDP nas 1000 sims)
           (apenas SDDP — fixas sao deterministicas, ja mostradas na Tabela B)
========================================================================================================================

  [SDDP estocastico]  replica idx=661  custo=R$ 51.87M  (proximo da media R$ 51.89M)
  Dia |  FilaIni |    AdmIn |   w_proc |     Proc |  FilaFim |    Spill |   Ocioso |   AdmOut |  Custo(R$)
  --------------------------------------------------------------------------------------------------------------
    1 |   1200.0 |   3000.0 |   2459.0 |   2459.0 |   1741.0 |    541.0 |      0.0 |   1116.0 |   12872846
    2 |   1741.0 |   1116.0 |   2902.0 |   2857.0 |     -0.0 |      0.0 |     45.0 |   2857.0 |    4397580
    3 |     -0.0 |   2857.0 |   2721.0 |   2721.0 |    136.0 |      0.0 |      0.0 |   2721.0 |     189720
    4 |    136.0 |   2721.0 |   2493.0 |   2493.0 |    364.0 |      0.0 |     -0.0 |   2493.0 |     697500
    5 |    364.0 |   2493.0 |   2459.0 |   2459.0 |    398.0 |      0.0 |      0.0 |   2459.0 |    1062990
    6 |    398.0 |   2459.0 |   2277.0 |   2277.0 |    580.0 |      0.0 |      0.0 |   2277.0 |    1364310
    7 |    580.0 |   2277.0 |   2357.0 |   2357.0 |    500.0 |      0.0 |      0.0 |   2357.0 |    1506600
    8 |    500.0 |   2357.0 |   2073.0 |   2073.0 |    784.0 |      0.0 |      0.0 |   2073.0 |    1791180
    9 |    784.0 |   2073.0 |   2823.0 |   2823.0 |     34.0 |      0.0 |     -0.0 |   2823.0 |    1141110
   10 |     34.0 |   2823.0 |   2220.0 |   2220.0 |    637.0 |      0.0 |     -0.0 |   2220.0 |     936045
   11 |    637.0 |   2220.0 |   2459.0 |   2459.0 |    398.0 |      0.0 |     -0.0 |   2459.0 |    1443825
   12 |    398.0 |   2459.0 |   2448.0 |   2448.0 |    409.0 |      0.0 |      0.0 |   2448.0 |    1125765
   13 |    409.0 |   2448.0 |   2289.0 |   2289.0 |    568.0 |      0.0 |      0.0 |   2289.0 |    1362915
   14 |    568.0 |   2289.0 |   2118.0 |   2118.0 |    739.0 |      0.0 |      0.0 |   2118.0 |    1823265
   15 |    739.0 |   2118.0 |   2141.0 |   2141.0 |    716.0 |      0.0 |      0.0 |   2141.0 |    2029725
   16 |    716.0 |   2141.0 |   2311.0 |   2311.0 |    546.0 |      0.0 |     -0.0 |   2311.0 |    1760490
   17 |    546.0 |   2311.0 |   2721.0 |   2721.0 |    136.0 |      0.0 |      0.0 |   2721.0 |     951390
   18 |    136.0 |   2721.0 |   2641.0 |   2641.0 |    216.0 |      0.0 |     -0.0 |   2641.0 |     491040
   19 |    216.0 |   2641.0 |   2095.0 |   2095.0 |    762.0 |      0.0 |     -0.0 |   2095.0 |    1364310
   20 |    762.0 |   2095.0 |   2880.0 |   2857.0 |     -0.0 |      0.0 |     23.0 |   2857.0 |    2069309
   21 |     -0.0 |   2857.0 |   2777.0 |   2777.0 |     80.0 |      0.0 |      0.0 |   2777.0 |     111600
   22 |     80.0 |   2777.0 |   2516.0 |   2516.0 |    341.0 |      0.0 |      0.0 |   2516.0 |     587295
   23 |    341.0 |   2516.0 |   2971.0 |   2857.0 |     -0.0 |      0.0 |    114.0 |   2857.0 |    5463537
   24 |     -0.0 |   2857.0 |   2402.0 |   2402.0 |    455.0 |      0.0 |     -0.0 |   2402.0 |     634725
   25 |    455.0 |   2402.0 |   2505.0 |   2505.0 |    352.0 |      0.0 |     -0.0 |   2505.0 |    1125765
   26 |    352.0 |   2505.0 |   2550.0 |   2550.0 |    307.0 |      0.0 |      0.0 |   2550.0 |     919305
   27 |    307.0 |   2550.0 |   2766.0 |   2766.0 |     91.0 |      0.0 |     -0.0 |   2766.0 |     555210
   28 |     91.0 |   2766.0 |   2630.0 |   2630.0 |    227.0 |      0.0 |     -0.0 |   2630.0 |     443610
   29 |    227.0 |   2630.0 |   2561.0 |   2561.0 |    296.0 |      0.0 |      0.0 |   2629.0 |     729585
   30 |    296.0 |   2629.0 |   2561.0 |   2561.0 |    364.0 |      0.0 |     -0.0 |      0.0 |     920700
  --------------------------------------------------------------------------------------------------------------
    Σ | Σ Custo = R$ 51873247   (= R$ 51.87M)

  CSVs salvos: v8_mar_{resultados,sumario,replica_repr}.csv
  CSV dia-a-dia salvo: v8_mar_dia_a_dia.csv (SDDP=cenario medio + banda P5/P95 estoc)
  CSV replica qualquer (idx=42) salvo: v8_mar_replica_qualquer.csv

##############################################################################################################
# ANALISANDO MES: JUL (N_SIM=1000)
##############################################################################################################
[JUL] data: n=30 media=2102.1 sd=754.63
[JUL] dist escolhida: Weibull | AIC=484.77 | KS_p=0.9335
[JUL] ranking AIC/KS_p: Weibull:AIC=484.8,KS=0.934 | Normal:AIC=485.7,KS=0.93 | Gamma:AIC=485.8,KS=0.782 | LogNormal:AIC=487.5,KS=0.617
[JUL] discretizado em 100 cenarios

[JUL] treinando SDDP...
-------------------------------------------------------------------
         SDDP.jl (c) Oscar Dowson and contributors, 2017-25
-------------------------------------------------------------------
problem
  nodes           : 30
  state variables : 2
  scenarios       : 1.00000e+60
  existing cuts   : false
options
  solver          : serial mode
  risk measure    : SDDP.Expectation()
  sampling scheme : SDDP.InSampleMonteCarlo
subproblem structure
  VariableRef                             : [9, 9]
  AffExpr in MOI.EqualTo{Float64}         : [1, 1]
  AffExpr in MOI.GreaterThan{Float64}     : [2, 2]
  AffExpr in MOI.LessThan{Float64}        : [2, 2]
  VariableRef in MOI.EqualTo{Float64}     : [1, 1]
  VariableRef in MOI.GreaterThan{Float64} : [6, 6]
  VariableRef in MOI.LessThan{Float64}    : [1, 2]
numerical stability report
  matrix range     [1e+00, 1e+00]
  objective range  [1e+00, 4e+04]
  bounds range     [4e+03, 4e+03]
  rhs range        [1e+03, 1e+03]
-------------------------------------------------------------------
 iteration    simulation      bound        time (s)     solves  pid
-------------------------------------------------------------------
        50   1.378092e+08  2.035872e+08  1.120100e+01    151500   1
       100   2.593532e+08  2.036177e+08  1.880700e+01    303000   1
       150   1.081199e+08  2.036183e+08  2.613100e+01    454500   1
       200   2.436528e+08  2.036187e+08  3.355500e+01    606000   1
-------------------------------------------------------------------
status         : iteration_limit
total time (s) : 3.355500e+01
total solves   : 606000
best bound     :  2.036187e+08
simulation ci  :  2.509179e+08 ± 3.439340e+07
numeric issues : 0
-------------------------------------------------------------------

[JUL] bound SDDP=203618668.6

[JUL] simulando SDDP x 1000 replicas...
[JUL] base = mean(adm_out(SDDP), dias 2..30) = 1978.1 caminhoes/dia
[JUL] w_proc medio SDDP por dia: min=2052 mean=2102 max=2148
  P_-10  X=1780.3 (base * -10%)
  P_-5   X=1879.2 (base * -5%)
  P_0    X=1978.1 (base * +0%)
  P_+5   X=2077.0 (base * +5%)
  P_+10  X=2175.9 (base * +10%)

[JUL] simulando 5 politicas fixas (deterministico, w_proc=media SDDP)...
  CSV SDDP cenario medio salvo: v8_jul_sddp_cenario_medio.csv

========================================================================================================================
  TABELA A — SUMARIO COMPARATIVO (JUL, N=1000 sims) 
========================================================================================================================
  Pol    |       CustoMed |      IC95± |             P5 |            P50 |            P95 | Spill%>0 |  SpillCond |   FilaPico |  ServLvl
  ------------------------------------------------------------------------------------------------------------------------
  SDDP   |    204494305.2 |  2660751.6 |    138010181.9 |    201251593.0 |    280242060.0 |  100.00% |     4115.5 |     2327.3 |  100.00%
  P_-10  |    367866552.6 |        0.0 |    367866552.6 |    367866552.6 |    367866552.6 |  100.00% |     1671.8 |     2061.8 |  100.00%
  P_-5   |    259478737.2 |        0.0 |    259478737.2 |    259478737.2 |    259478737.2 |  100.00% |     2224.7 |     2061.8 |  100.00%
  P_0    |    180513831.4 |        0.0 |    180513831.4 |    180513831.4 |    180513831.4 |  100.00% |     3757.2 |     2061.8 |  100.00%
  P_+5   |    406335980.6 |        0.0 |    406335980.6 |    406335980.6 |    406335980.6 |  100.00% |    16111.0 |     2067.8 |  100.00%
  P_+10  |   1219830066.7 |        0.0 |   1219830066.7 |   1219830066.7 |   1219830066.7 |  100.00% |    59134.8 |     4231.9 |   96.56%

========================================================================================================================
  TABELA B — ANEXO cenario medio deterministico (JUL, 1 trajetoria, 30 dias)
           SDDP via SDDP.Historical, fixas com adm_out fixo. Comparacao 100% justa.
           Σ Custo bate EXATO com o grafico de custo acumulado dia 30.
========================================================================================================================

  [SDDP]  Σ Custo = R$ 80.54M
  Dia |  FilaIni |    AdmIn |   w_proc |     Proc |  FilaFim |    Spill |   Ocioso |   AdmOut |  Custo(R$)
  --------------------------------------------------------------------------------------------------------------
    1 |   1200.0 |   3000.0 |   2138.2 |   2138.2 |   2061.8 |    861.8 |      0.0 |    782.2 |   18520798
    2 |   2061.8 |    782.2 |   2071.0 |   2071.0 |    773.0 |      0.0 |      0.0 |   2071.0 |    3954503
    3 |    773.0 |   2071.0 |   2112.5 |   2112.5 |    731.5 |      0.0 |      0.0 |   2112.5 |    2098791
    4 |    731.5 |   2112.5 |   2078.1 |   2078.1 |    765.9 |      0.0 |     -0.0 |   2078.1 |    2088905
    5 |    765.9 |   2078.1 |   2098.6 |   2098.6 |    745.4 |      0.0 |     -0.0 |   2098.6 |    2108263
    6 |    745.4 |   2098.6 |   2051.7 |   2051.7 |    792.3 |      0.0 |     -0.0 |   2051.7 |    2145131
    7 |    792.3 |   2051.7 |   2136.6 |   2136.6 |    707.4 |      0.0 |     -0.0 |   2136.6 |    2092168
    8 |    707.4 |   2136.6 |   2139.1 |   2139.1 |    704.9 |      0.0 |     -0.0 |   2139.1 |    1970181
    9 |    704.9 |   2139.1 |   2138.3 |   2138.3 |    705.7 |      0.0 |      0.0 |   2138.3 |    1967685
   10 |    705.7 |   2138.3 |   2105.0 |   2105.0 |    739.0 |      0.0 |     -0.0 |   2105.0 |    2015253
   11 |    739.0 |   2105.0 |   2082.0 |   2082.0 |    762.0 |      0.0 |      0.0 |   2082.0 |    2093889
   12 |    762.0 |   2082.0 |   2092.6 |   2092.6 |    751.4 |      0.0 |      0.0 |   2092.6 |    2111289
   13 |    751.4 |   2092.6 |   2062.7 |   2062.7 |    781.3 |      0.0 |      0.0 |   2062.7 |    2138231
   14 |    781.3 |   2062.7 |   2133.3 |   2133.3 |    710.7 |      0.0 |     -0.0 |   2133.3 |    2081401
   15 |    710.7 |   2133.3 |   2074.3 |   2074.3 |    769.7 |      0.0 |     -0.0 |   2074.3 |    2065175
   16 |    769.7 |   2074.3 |   2148.2 |   2148.2 |    695.8 |      0.0 |      0.0 |   2148.2 |    2044359
   17 |    695.8 |   2148.2 |   2106.5 |   2106.5 |    737.5 |      0.0 |     -0.0 |   2106.5 |    1999479
   18 |    737.5 |   2106.5 |   2064.1 |   2064.1 |    779.9 |      0.0 |     -0.0 |   2064.1 |    2116894
   19 |    779.9 |   2064.1 |   2075.9 |   2075.9 |    768.1 |      0.0 |     -0.0 |   2075.9 |    2159549
   20 |    768.1 |   2075.9 |   2100.9 |   2100.9 |    743.1 |      0.0 |      0.0 |   2100.9 |    2108093
   21 |    743.1 |   2100.9 |   2097.0 |   2097.0 |    747.0 |      0.0 |     -0.0 |   2097.0 |    2078643
   22 |    747.0 |   2097.0 |   2111.0 |   2111.0 |    733.0 |      0.0 |     -0.0 |   2111.0 |    2064673
   23 |    733.0 |   2111.0 |   2113.3 |   2113.3 |    730.7 |      0.0 |      0.0 |   2113.3 |    2041962
   24 |    730.7 |   2113.3 |   2110.7 |   2110.7 |    733.3 |      0.0 |     -0.0 |   2110.7 |    2042369
   25 |    733.3 |   2110.7 |   2093.1 |   2093.1 |    750.9 |      0.0 |     -0.0 |   2093.1 |    2070533
   26 |    750.9 |   2093.1 |   2097.9 |   2097.9 |    746.1 |      0.0 |      0.0 |   2097.9 |    2088269
   27 |    746.1 |   2097.9 |   2113.4 |   2113.4 |    730.6 |      0.0 |      0.0 |   2113.4 |    2059884
   28 |    730.6 |   2113.4 |   2097.8 |   2097.8 |    746.2 |      0.0 |      0.0 |   2097.8 |    2060112
   29 |    746.2 |   2097.8 |   2124.4 |   2124.4 |    719.6 |      0.0 |     -0.0 |   2173.4 |    2044850
   30 |    719.6 |   2173.4 |   2101.7 |   2101.7 |    791.3 |      0.0 |      0.0 |      0.0 |    2107710
  --------------------------------------------------------------------------------------------------------------
    Σ |        — |        — |        — |    63070 |        — |    861.8 |      0.0 |        — |   80539043   (= R$ 80.54M)

  [P_-10]  Σ Custo = R$ 367.87M
  Dia |  FilaIni |    AdmIn |   w_proc |     Proc |  FilaFim |    Spill |   Ocioso |   AdmOut |  Custo(R$)
  --------------------------------------------------------------------------------------------------------------
    1 |   1200.0 |   3000.0 |   2138.2 |   2138.2 |   2061.8 |    861.8 |      0.0 |   1780.3 |   18520798
    2 |   2061.8 |   1780.3 |   2071.0 |   2071.0 |   1771.1 |    571.1 |      0.0 |   1780.3 |   14604366
    3 |   1771.1 |   1780.3 |   2112.5 |   2112.5 |   1438.9 |    238.9 |      0.0 |   1780.3 |    8350667
    4 |   1438.9 |   1780.3 |   2078.1 |   2078.1 |   1141.1 |      0.0 |      0.0 |   1780.3 |    3599066
    5 |   1141.1 |   1780.3 |   2098.6 |   2098.6 |    822.8 |      0.0 |      0.0 |   1780.3 |    2739594
    6 |    822.8 |   1780.3 |   2051.7 |   2051.7 |    551.4 |      0.0 |      0.0 |   1780.3 |    1916988
    7 |    551.4 |   1780.3 |   2136.6 |   2136.6 |    195.1 |      0.0 |      0.0 |   1780.3 |    1041420
    8 |    195.1 |   1780.3 |   2139.1 |   1975.4 |      0.0 |      0.0 |    163.7 |   1780.3 |    7434441
    9 |      0.0 |   1780.3 |   2138.3 |   1780.3 |      0.0 |      0.0 |    358.0 |   1780.3 |   15665528
   10 |      0.0 |   1780.3 |   2105.0 |   1780.3 |      0.0 |      0.0 |    324.7 |   1780.3 |   14208291
   11 |      0.0 |   1780.3 |   2082.0 |   1780.3 |      0.0 |      0.0 |    301.7 |   1780.3 |   13199171
   12 |      0.0 |   1780.3 |   2092.6 |   1780.3 |      0.0 |      0.0 |    312.3 |   1780.3 |   13662560
   13 |      0.0 |   1780.3 |   2062.7 |   1780.3 |      0.0 |      0.0 |    282.4 |   1780.3 |   12354170
   14 |      0.0 |   1780.3 |   2133.3 |   1780.3 |      0.0 |      0.0 |    353.0 |   1780.3 |   15444969
   15 |      0.0 |   1780.3 |   2074.3 |   1780.3 |      0.0 |      0.0 |    294.0 |   1780.3 |   12863105
   16 |      0.0 |   1780.3 |   2148.2 |   1780.3 |      0.0 |      0.0 |    367.9 |   1780.3 |   16097851
   17 |      0.0 |   1780.3 |   2106.5 |   1780.3 |      0.0 |      0.0 |    326.2 |   1780.3 |   14270726
   18 |      0.0 |   1780.3 |   2064.1 |   1780.3 |      0.0 |      0.0 |    283.8 |   1780.3 |   12415205
   19 |      0.0 |   1780.3 |   2075.9 |   1780.3 |      0.0 |      0.0 |    295.6 |   1780.3 |   12932891
   20 |      0.0 |   1780.3 |   2100.9 |   1780.3 |      0.0 |      0.0 |    320.6 |   1780.3 |   14029078
   21 |      0.0 |   1780.3 |   2097.0 |   1780.3 |      0.0 |      0.0 |    316.7 |   1780.3 |   13856560
   22 |      0.0 |   1780.3 |   2111.0 |   1780.3 |      0.0 |      0.0 |    330.7 |   1780.3 |   14467265
   23 |      0.0 |   1780.3 |   2113.3 |   1780.3 |      0.0 |      0.0 |    333.0 |   1780.3 |   14568859
   24 |      0.0 |   1780.3 |   2110.7 |   1780.3 |      0.0 |      0.0 |    330.4 |   1780.3 |   14454489
   25 |      0.0 |   1780.3 |   2093.1 |   1780.3 |      0.0 |      0.0 |    312.8 |   1780.3 |   13685530
   26 |      0.0 |   1780.3 |   2097.9 |   1780.3 |      0.0 |      0.0 |    317.7 |   1780.3 |   13898213
   27 |      0.0 |   1780.3 |   2113.4 |   1780.3 |      0.0 |      0.0 |    333.1 |   1780.3 |   14575816
   28 |      0.0 |   1780.3 |   2097.8 |   1780.3 |      0.0 |      0.0 |    317.5 |   1780.3 |   13891038
   29 |      0.0 |   1780.3 |   2124.4 |   1780.3 |      0.0 |      0.0 |    344.1 |   1780.3 |   15054517
   30 |      0.0 |   1780.3 |   2101.7 |   1780.3 |      0.0 |      0.0 |    321.4 |   1780.3 |   14063381
  --------------------------------------------------------------------------------------------------------------
    Σ |        — |        — |        — |    55829 |        — |   1671.8 |   7241.1 |        — |  367866553   (= R$ 367.87M)

  [P_-5]  Σ Custo = R$ 259.48M
  Dia |  FilaIni |    AdmIn |   w_proc |     Proc |  FilaFim |    Spill |   Ocioso |   AdmOut |  Custo(R$)
  --------------------------------------------------------------------------------------------------------------
    1 |   1200.0 |   3000.0 |   2138.2 |   2138.2 |   2061.8 |    861.8 |      0.0 |   1879.2 |   18520798
    2 |   2061.8 |   1879.2 |   2071.0 |   2071.0 |   1870.0 |    670.0 |      0.0 |   1879.2 |   16345692
    3 |   1870.0 |   1879.2 |   2112.5 |   2112.5 |   1636.7 |    436.7 |      0.0 |   1879.2 |   11971293
    4 |   1636.7 |   1879.2 |   2078.1 |   2078.1 |   1437.8 |    237.8 |      0.0 |   1879.2 |    8143807
    5 |   1437.8 |   1879.2 |   2098.6 |   2098.6 |   1218.4 |     18.4 |      0.0 |   1879.2 |    4003841
    6 |   1218.4 |   1879.2 |   2051.7 |   2051.7 |   1045.9 |      0.0 |      0.0 |   1879.2 |    3158744
    7 |   1045.9 |   1879.2 |   2136.6 |   2136.6 |    788.6 |      0.0 |      0.0 |   1879.2 |    2559122
    8 |    788.6 |   1879.2 |   2139.1 |   2139.1 |    528.6 |      0.0 |      0.0 |   1879.2 |    1837512
    9 |    528.6 |   1879.2 |   2138.3 |   2138.3 |    269.5 |      0.0 |      0.0 |   1879.2 |    1113407
   10 |    269.5 |   1879.2 |   2105.0 |   2105.0 |     43.7 |      0.0 |      0.0 |   1879.2 |     436870
   11 |     43.7 |   1879.2 |   2082.0 |   1922.9 |      0.0 |      0.0 |    159.1 |   1879.2 |    7022091
   12 |      0.0 |   1879.2 |   2092.6 |   1879.2 |      0.0 |      0.0 |    213.4 |   1879.2 |    9335156
   13 |      0.0 |   1879.2 |   2062.7 |   1879.2 |      0.0 |      0.0 |    183.5 |   1879.2 |    8026766
   14 |      0.0 |   1879.2 |   2133.3 |   1879.2 |      0.0 |      0.0 |    254.1 |   1879.2 |   11117566
   15 |      0.0 |   1879.2 |   2074.3 |   1879.2 |      0.0 |      0.0 |    195.1 |   1879.2 |    8535701
   16 |      0.0 |   1879.2 |   2148.2 |   1879.2 |      0.0 |      0.0 |    269.0 |   1879.2 |   11770448
   17 |      0.0 |   1879.2 |   2106.5 |   1879.2 |      0.0 |      0.0 |    227.3 |   1879.2 |    9943323
   18 |      0.0 |   1879.2 |   2064.1 |   1879.2 |      0.0 |      0.0 |    184.9 |   1879.2 |    8087802
   19 |      0.0 |   1879.2 |   2075.9 |   1879.2 |      0.0 |      0.0 |    196.7 |   1879.2 |    8605487
   20 |      0.0 |   1879.2 |   2100.9 |   1879.2 |      0.0 |      0.0 |    221.7 |   1879.2 |    9701675
   21 |      0.0 |   1879.2 |   2097.0 |   1879.2 |      0.0 |      0.0 |    217.8 |   1879.2 |    9529157
   22 |      0.0 |   1879.2 |   2111.0 |   1879.2 |      0.0 |      0.0 |    231.8 |   1879.2 |   10139861
   23 |      0.0 |   1879.2 |   2113.3 |   1879.2 |      0.0 |      0.0 |    234.1 |   1879.2 |   10241456
   24 |      0.0 |   1879.2 |   2110.7 |   1879.2 |      0.0 |      0.0 |    231.5 |   1879.2 |   10127085
   25 |      0.0 |   1879.2 |   2093.1 |   1879.2 |      0.0 |      0.0 |    213.9 |   1879.2 |    9358126
   26 |      0.0 |   1879.2 |   2097.9 |   1879.2 |      0.0 |      0.0 |    218.7 |   1879.2 |    9570810
   27 |      0.0 |   1879.2 |   2113.4 |   1879.2 |      0.0 |      0.0 |    234.2 |   1879.2 |   10248412
   28 |      0.0 |   1879.2 |   2097.8 |   1879.2 |      0.0 |      0.0 |    218.6 |   1879.2 |    9563634
   29 |      0.0 |   1879.2 |   2124.4 |   1879.2 |      0.0 |      0.0 |    245.2 |   1879.2 |   10727114
   30 |      0.0 |   1879.2 |   2101.7 |   1879.2 |      0.0 |      0.0 |    222.5 |   1879.2 |    9735977
  --------------------------------------------------------------------------------------------------------------
    Σ |        — |        — |        — |    58697 |        — |   2224.7 |   4372.9 |        — |  259478737   (= R$ 259.48M)

  [P_0]  Σ Custo = R$ 180.51M
  Dia |  FilaIni |    AdmIn |   w_proc |     Proc |  FilaFim |    Spill |   Ocioso |   AdmOut |  Custo(R$)
  --------------------------------------------------------------------------------------------------------------
    1 |   1200.0 |   3000.0 |   2138.2 |   2138.2 |   2061.8 |    861.8 |      0.0 |   1978.1 |   18520798
    2 |   2061.8 |   1978.1 |   2071.0 |   2071.0 |   1968.9 |    768.9 |      0.0 |   1978.1 |   18087019
    3 |   1968.9 |   1978.1 |   2112.5 |   2112.5 |   1834.5 |    634.5 |      0.0 |   1978.1 |   15591920
    4 |   1834.5 |   1978.1 |   2078.1 |   2078.1 |   1734.5 |    534.5 |      0.0 |   1978.1 |   13643733
    5 |   1734.5 |   1978.1 |   2098.6 |   2098.6 |   1614.0 |    414.0 |      0.0 |   1978.1 |   11383066
    6 |   1614.0 |   1978.1 |   2051.7 |   2051.7 |   1540.4 |    340.4 |      0.0 |   1978.1 |    9919529
    7 |   1540.4 |   1978.1 |   2136.6 |   2136.6 |   1382.0 |    182.0 |      0.0 |   1978.1 |    7027300
    8 |   1382.0 |   1978.1 |   2139.1 |   2139.1 |   1221.0 |     21.0 |      0.0 |   1978.1 |    3971227
    9 |   1221.0 |   1978.1 |   2138.3 |   2138.3 |   1060.7 |      0.0 |      0.0 |   1978.1 |    3183001
   10 |   1060.7 |   1978.1 |   2105.0 |   2105.0 |    933.8 |      0.0 |      0.0 |   1978.1 |    2782410
   11 |    933.8 |   1978.1 |   2082.0 |   2082.0 |    830.0 |      0.0 |      0.0 |   1978.1 |    2460455
   12 |    830.0 |   1978.1 |   2092.6 |   2092.6 |    715.5 |      0.0 |      0.0 |   1978.1 |    2155899
   13 |    715.5 |   1978.1 |   2062.7 |   2062.7 |    630.9 |      0.0 |      0.0 |   1978.1 |    1878286
   14 |    630.9 |   1978.1 |   2133.3 |   2133.3 |    475.8 |      0.0 |      0.0 |   1978.1 |    1543843
   15 |    475.8 |   1978.1 |   2074.3 |   2074.3 |    379.6 |      0.0 |      0.0 |   1978.1 |    1193173
   16 |    379.6 |   1978.1 |   2148.2 |   2148.2 |    209.5 |      0.0 |      0.0 |   1978.1 |     821687
   17 |    209.5 |   1978.1 |   2106.5 |   2106.5 |     81.1 |      0.0 |      0.0 |   1978.1 |     405321
   18 |     81.1 |   1978.1 |   2064.1 |   2059.2 |      0.0 |      0.0 |      4.8 |   1978.1 |     325211
   19 |      0.0 |   1978.1 |   2075.9 |   1978.1 |      0.0 |      0.0 |     97.8 |   1978.1 |    4278084
   20 |      0.0 |   1978.1 |   2100.9 |   1978.1 |      0.0 |      0.0 |    122.8 |   1978.1 |    5374272
   21 |      0.0 |   1978.1 |   2097.0 |   1978.1 |      0.0 |      0.0 |    118.9 |   1978.1 |    5201753
   22 |      0.0 |   1978.1 |   2111.0 |   1978.1 |      0.0 |      0.0 |    132.8 |   1978.1 |    5812458
   23 |      0.0 |   1978.1 |   2113.3 |   1978.1 |      0.0 |      0.0 |    135.2 |   1978.1 |    5914052
   24 |      0.0 |   1978.1 |   2110.7 |   1978.1 |      0.0 |      0.0 |    132.6 |   1978.1 |    5799682
   25 |      0.0 |   1978.1 |   2093.1 |   1978.1 |      0.0 |      0.0 |    115.0 |   1978.1 |    5030723
   26 |      0.0 |   1978.1 |   2097.9 |   1978.1 |      0.0 |      0.0 |    119.8 |   1978.1 |    5243406
   27 |      0.0 |   1978.1 |   2113.4 |   1978.1 |      0.0 |      0.0 |    135.3 |   1978.1 |    5921009
   28 |      0.0 |   1978.1 |   2097.8 |   1978.1 |      0.0 |      0.0 |    119.7 |   1978.1 |    5236231
   29 |      0.0 |   1978.1 |   2124.4 |   1978.1 |      0.0 |      0.0 |    146.3 |   1978.1 |    6399711
   30 |      0.0 |   1978.1 |   2101.7 |   1978.1 |      0.0 |      0.0 |    123.6 |   1978.1 |    5408574
  --------------------------------------------------------------------------------------------------------------
    Σ |        — |        — |        — |    61565 |        — |   3757.2 |   1504.6 |        — |  180513831   (= R$ 180.51M)

  [P_+5]  Σ Custo = R$ 406.34M
  Dia |  FilaIni |    AdmIn |   w_proc |     Proc |  FilaFim |    Spill |   Ocioso |   AdmOut |  Custo(R$)
  --------------------------------------------------------------------------------------------------------------
    1 |   1200.0 |   3000.0 |   2138.2 |   2138.2 |   2061.8 |    861.8 |      0.0 |   2077.0 |   18520798
    2 |   2061.8 |   2077.0 |   2071.0 |   2071.0 |   2067.8 |    867.8 |      0.0 |   2077.0 |   19828346
    3 |   2067.8 |   2077.0 |   2112.5 |   2112.5 |   2032.3 |    832.3 |      0.0 |   2077.0 |   19212546
    4 |   2032.3 |   2077.0 |   2078.1 |   2078.1 |   2031.2 |    831.2 |      0.0 |   2077.0 |   19143659
    5 |   2031.2 |   2077.0 |   2098.6 |   2098.6 |   2009.7 |    809.7 |      0.0 |   2077.0 |   18762291
    6 |   2009.7 |   2077.0 |   2051.7 |   2051.7 |   2035.0 |    835.0 |      0.0 |   2077.0 |   19178054
    7 |   2035.0 |   2077.0 |   2136.6 |   2136.6 |   1975.4 |    775.4 |      0.0 |   2077.0 |   18165124
    8 |   1975.4 |   2077.0 |   2139.1 |   2139.1 |   1913.3 |    713.3 |      0.0 |   2077.0 |   16988350
    9 |   1913.3 |   2077.0 |   2138.3 |   2138.3 |   1852.0 |    652.0 |      0.0 |   2077.0 |   15821936
   10 |   1852.0 |   2077.0 |   2105.0 |   2105.0 |   1824.0 |    624.0 |      0.0 |   2077.0 |   15243014
   11 |   1824.0 |   2077.0 |   2082.0 |   2082.0 |   1819.0 |    619.0 |      0.0 |   2077.0 |   15116618
   12 |   1819.0 |   2077.0 |   2092.6 |   2092.6 |   1803.5 |    603.5 |      0.0 |   2077.0 |   14835931
   13 |   1803.5 |   2077.0 |   2062.7 |   2062.7 |   1817.8 |    617.8 |      0.0 |   2077.0 |   15066960
   14 |   1817.8 |   2077.0 |   2133.3 |   2133.3 |   1761.5 |    561.5 |      0.0 |   2077.0 |   14095981
   15 |   1761.5 |   2077.0 |   2074.3 |   2074.3 |   1764.2 |    564.2 |      0.0 |   2077.0 |   14065387
   16 |   1764.2 |   2077.0 |   2148.2 |   2148.2 |   1693.0 |    493.0 |      0.0 |   2077.0 |   12815466
   17 |   1693.0 |   2077.0 |   2106.5 |   2106.5 |   1663.6 |    463.6 |      0.0 |   2077.0 |   12197635
   18 |   1663.6 |   2077.0 |   2064.1 |   2064.1 |   1676.5 |    476.5 |      0.0 |   2077.0 |   12384713
   19 |   1676.5 |   2077.0 |   2075.9 |   2075.9 |   1677.7 |    477.7 |      0.0 |   2077.0 |   12422637
   20 |   1677.7 |   2077.0 |   2100.9 |   2100.9 |   1653.7 |    453.7 |      0.0 |   2077.0 |   12002955
   21 |   1653.7 |   2077.0 |   2097.0 |   2097.0 |   1633.8 |    433.8 |      0.0 |   2077.0 |   11617743
   22 |   1633.8 |   2077.0 |   2111.0 |   2111.0 |   1599.8 |    399.8 |      0.0 |   2077.0 |   10992286
   23 |   1599.8 |   2077.0 |   2113.3 |   2113.3 |   1563.6 |    363.6 |      0.0 |   2077.0 |   10306478
   24 |   1563.6 |   2077.0 |   2110.7 |   2110.7 |   1529.9 |    329.9 |      0.0 |   2077.0 |    9663452
   25 |   1529.9 |   2077.0 |   2093.1 |   2093.1 |   1513.8 |    313.8 |      0.0 |   2077.0 |    9333498
   26 |   1513.8 |   2077.0 |   2097.9 |   2097.9 |   1492.9 |    292.9 |      0.0 |   2077.0 |    8942478
   27 |   1492.9 |   2077.0 |   2113.4 |   2113.4 |   1456.5 |    256.5 |      0.0 |   2077.0 |    8272014
   28 |   1456.5 |   2077.0 |   2097.8 |   2097.8 |   1435.7 |    235.7 |      0.0 |   2077.0 |    7855496
   29 |   1435.7 |   2077.0 |   2124.4 |   2124.4 |   1388.3 |    188.3 |      0.0 |   2077.0 |    6992633
   30 |   1388.3 |   2077.0 |   2101.7 |   2101.7 |   1363.6 |    163.6 |      0.0 |   2077.0 |    6491503
  --------------------------------------------------------------------------------------------------------------
    Σ |        — |        — |        — |    63070 |        — |  16111.0 |      0.0 |        — |  406335981   (= R$ 406.34M)

  [P_+10]  Σ Custo = R$ 1219.83M
  Dia |  FilaIni |    AdmIn |   w_proc |     Proc |  FilaFim |    Spill |   Ocioso |   AdmOut |  Custo(R$)
  --------------------------------------------------------------------------------------------------------------
    1 |   1200.0 |   3000.0 |   2138.2 |   2138.2 |   2061.8 |    861.8 |      0.0 |   2175.9 |   18520798
    2 |   2061.8 |   2175.9 |   2071.0 |   2071.0 |   2166.7 |    966.7 |      0.0 |   2175.9 |   21569672
    3 |   2166.7 |   2175.9 |   2112.5 |   2112.5 |   2230.1 |   1030.1 |      0.0 |   2175.9 |   22833172
    4 |   2230.1 |   2175.9 |   2078.1 |   2078.1 |   2327.9 |   1127.9 |      0.0 |   2175.9 |   24643585
    5 |   2327.9 |   2175.9 |   2098.6 |   2098.6 |   2405.3 |   1205.3 |      0.0 |   2175.9 |   26141517
    6 |   2405.3 |   2175.9 |   2051.7 |   2051.7 |   2529.5 |   1329.5 |      0.0 |   2175.9 |   28436579
    7 |   2529.5 |   2175.9 |   2136.6 |   2136.6 |   2568.9 |   1368.9 |      0.0 |   2175.9 |   29302949
    8 |   2568.9 |   2175.9 |   2139.1 |   2139.1 |   2605.7 |   1405.7 |      0.0 |   2175.9 |   30005474
    9 |   2605.7 |   2175.9 |   2138.3 |   2138.3 |   2643.2 |   1443.2 |      0.0 |   2175.9 |   30718360
   10 |   2643.2 |   2175.9 |   2105.0 |   2105.0 |   2714.1 |   1514.1 |      0.0 |   2175.9 |   32018737
   11 |   2714.1 |   2175.9 |   2082.0 |   2082.0 |   2808.1 |   1608.1 |      0.0 |   2175.9 |   33771640
   12 |   2808.1 |   2175.9 |   2092.6 |   2092.6 |   2891.4 |   1691.4 |      0.0 |   2175.9 |   35370253
   13 |   2891.4 |   2175.9 |   2062.7 |   2062.7 |   3004.7 |   1804.7 |      0.0 |   2175.9 |   37480581
   14 |   3004.7 |   2175.9 |   2133.3 |   2133.3 |   3047.3 |   1847.3 |      0.0 |   2175.9 |   38388902
   15 |   3047.3 |   2175.9 |   2074.3 |   2074.3 |   3148.9 |   1948.9 |      0.0 |   2175.9 |   40237608
   16 |   3148.9 |   2175.9 |   2148.2 |   2148.2 |   3176.6 |   1976.6 |      0.0 |   2175.9 |   40866986
   17 |   3176.6 |   2175.9 |   2106.5 |   2106.5 |   3246.1 |   2046.1 |      0.0 |   2175.9 |   42128455
   18 |   3246.1 |   2175.9 |   2064.1 |   2064.1 |   3357.9 |   2157.9 |      0.0 |   2175.9 |   44194832
   19 |   3357.9 |   2175.9 |   2075.9 |   2075.9 |   3458.0 |   2258.0 |      0.0 |   2175.9 |   46112056
   20 |   3458.0 |   2175.9 |   2100.9 |   2100.9 |   3532.9 |   2332.9 |      0.0 |   2175.9 |   47571673
   21 |   3532.9 |   2175.9 |   2097.0 |   2097.0 |   3611.9 |   2411.9 |      0.0 |   2175.9 |   49065761
   22 |   3611.9 |   2175.9 |   2111.0 |   2111.0 |   3676.8 |   2476.8 |      0.0 |   2175.9 |   50319604
   23 |   3676.8 |   2175.9 |   2113.3 |   2113.3 |   3739.5 |   2539.5 |      0.0 |   2175.9 |   51513095
   24 |   3739.5 |   2175.9 |   2110.7 |   2110.7 |   3804.7 |   2604.7 |      0.0 |   2175.9 |   52749368
   25 |   3804.7 |   2175.9 |   2093.1 |   2093.1 |   3887.6 |   2687.6 |      0.0 |   2175.9 |   54298714
   26 |   3887.6 |   2175.9 |   2097.9 |   2097.9 |   3965.5 |   2765.5 |      0.0 |   2175.9 |   55786994
   27 |   3965.5 |   2175.9 |   2113.4 |   2113.4 |   4028.0 |   2828.0 |      0.0 |   2175.9 |   56995829
   28 |   4028.0 |   2175.9 |   2097.8 |   2097.8 |   4106.1 |   2906.1 |      0.0 |   2175.9 |   58458611
   29 |   4106.1 |   2175.9 |   2124.4 |   2124.4 |   4157.7 |   2957.7 |      0.0 |   2175.9 |   59475047
   30 |   4157.7 |   2175.9 |   2101.7 |   2101.7 |   4231.9 |   3031.9 |      0.0 |   2175.9 |   60853216
  --------------------------------------------------------------------------------------------------------------
    Σ |        — |        — |        — |    63070 |        — |  59134.8 |      0.0 |        — | 1219830067   (= R$ 1219.83M)

========================================================================================================================
  TABELA C — REPLICA REPRESENTATIVA ESTOCASTICA (JUL, SDDP nas 1000 sims)
           (apenas SDDP — fixas sao deterministicas, ja mostradas na Tabela B)
========================================================================================================================

  [SDDP estocastico]  replica idx=359  custo=R$ 204.49M  (proximo da media R$ 204.49M)
  Dia |  FilaIni |    AdmIn |   w_proc |     Proc |  FilaFim |    Spill |   Ocioso |   AdmOut |  Custo(R$)
  --------------------------------------------------------------------------------------------------------------
    1 |   1200.0 |   3000.0 |   2335.0 |   2335.0 |   1865.0 |    665.0 |      0.0 |    979.0 |   15055990
    2 |   1865.0 |    979.0 |   2795.0 |   2795.0 |     49.0 |      0.0 |      0.0 |   2795.0 |    2670030
    3 |     49.0 |   2795.0 |   2532.0 |   2532.0 |    312.0 |      0.0 |     -0.0 |   2532.0 |     503595
    4 |    312.0 |   2532.0 |   1119.0 |   1119.0 |   1725.0 |    525.0 |      0.0 |   1119.0 |   11352390
    5 |   1725.0 |   1119.0 |   3649.0 |   2844.0 |      0.0 |      0.0 |    805.0 |   2844.0 |   37627540
    6 |      0.0 |   2844.0 |   2828.0 |   2828.0 |     16.0 |      0.0 |      0.0 |   2828.0 |      22320
    7 |     16.0 |   2828.0 |   1546.0 |   1546.0 |   1298.0 |     98.0 |     -0.0 |   1546.0 |    3421708
    8 |   1298.0 |   1546.0 |   2368.0 |   2368.0 |    476.0 |      0.0 |      0.0 |   2368.0 |    2474730
    9 |    476.0 |   2368.0 |   1973.0 |   1973.0 |    871.0 |      0.0 |     -0.0 |   1973.0 |    1879065
   10 |    871.0 |   1973.0 |   1546.0 |   1546.0 |   1298.0 |     98.0 |     -0.0 |   1546.0 |    4614433
   11 |   1298.0 |   1546.0 |   1217.0 |   1217.0 |   1627.0 |    427.0 |      0.0 |   1217.0 |   11002472
   12 |   1627.0 |   1217.0 |   2630.0 |   2630.0 |    214.0 |      0.0 |      0.0 |   2630.0 |    2568195
   13 |    214.0 |   2630.0 |   1053.0 |   1053.0 |   1791.0 |    591.0 |     -0.0 |   1053.0 |   12377676
   14 |   1791.0 |   1053.0 |   2006.0 |   2006.0 |    838.0 |      0.0 |     -0.0 |   2006.0 |    3667455
   15 |    838.0 |   2006.0 |   2137.0 |   2137.0 |    707.0 |      0.0 |      0.0 |   2137.0 |    2155275
   16 |    707.0 |   2137.0 |   1743.0 |   1743.0 |   1101.0 |      0.0 |      0.0 |   1743.0 |    2522160
   17 |   1101.0 |   1743.0 |   1086.0 |   1086.0 |   1758.0 |    558.0 |     -0.0 |   1086.0 |   13034043
   18 |   1758.0 |   1086.0 |   2105.0 |   2105.0 |    739.0 |      0.0 |      0.0 |   2105.0 |    3483315
   19 |    739.0 |   2105.0 |   2105.0 |   2105.0 |    739.0 |      0.0 |     -0.0 |   2105.0 |    2061810
   20 |    739.0 |   2105.0 |   1217.0 |   1217.0 |   1627.0 |    427.0 |     -0.0 |   1217.0 |   10222667
   21 |   1627.0 |   1217.0 |    921.0 |    921.0 |   1923.0 |    723.0 |     -0.0 |    921.0 |   16672803
   22 |   1923.0 |    921.0 |   1973.0 |   1973.0 |    871.0 |      0.0 |      0.0 |   1973.0 |    3897630
   23 |    871.0 |   1973.0 |   2565.0 |   2565.0 |    279.0 |      0.0 |      0.0 |   2565.0 |    1604250
   24 |    279.0 |   2565.0 |   3452.0 |   2844.0 |      0.0 |      0.0 |    608.0 |   2844.0 |   26991029
   25 |      0.0 |   2844.0 |   1579.0 |   1579.0 |   1265.0 |     65.0 |     -0.0 |   1579.0 |    2818390
   26 |   1265.0 |   1579.0 |   1842.0 |   1842.0 |   1002.0 |      0.0 |     -0.0 |   1842.0 |    3162465
   27 |   1002.0 |   1842.0 |   2630.0 |   2630.0 |    214.0 |      0.0 |      0.0 |   2630.0 |    1696320
   28 |    214.0 |   2630.0 |   1875.0 |   1875.0 |    969.0 |      0.0 |      0.0 |   1875.0 |    1650285
   29 |    969.0 |   1875.0 |   2400.0 |   2400.0 |    444.0 |      0.0 |     -0.0 |   2449.0 |    1971135
   30 |    444.0 |   2449.0 |   2400.0 |   2400.0 |    493.0 |      0.0 |      0.0 |      0.0 |    1307115
  --------------------------------------------------------------------------------------------------------------
    Σ | Σ Custo = R$ 204488291   (= R$ 204.49M)

  CSVs salvos: v8_jul_{resultados,sumario,replica_repr}.csv
  CSV dia-a-dia salvo: v8_jul_dia_a_dia.csv (SDDP=cenario medio + banda P5/P95 estoc)
  CSV replica qualquer (idx=42) salvo: v8_jul_replica_qualquer.csv

[FIM] tempo total: 90.9 s (1.5 min)
